<?xml version="1.0" encoding="UTF-8" ?>
<testsuites errors="1"
            failures="1"
            tests="2">

  <testsuite name="tests"
    errors="1" failures="1" hostname="" id="" package="tests" skipped="0"
    tests="2" time="13.69" timestamp="Mon, 06 Feb 2017 22:28:24 GMT">
  
    <testcase name="Assert Elements" time="9.703" assertions="41">

    

    

    

    

    

    

    

    

    

    

    

    

    

    

    

    

    

    

    

    

    

    

    

    

    

    

    

    

    

    

    

    

    

    

    

    

    

    

    

    

    
    </testcase>
      <system-err>
        ERROR: Unable to locate element: &quot;#main ul li a.first&quot; using: css selector
    at Object.Assert anchor functionality (/Users/peterrhodes/Desktop/cv-portfolio/tests/tests.js:52:14)
    at Module.call (/Users/peterrhodes/Desktop/cv-portfolio/node_modules/nightwatch/lib/runner/module.js:62:34)
    at /Users/peterrhodes/Desktop/cv-portfolio/node_modules/nightwatch/lib/runner/testcase.js:70:29
    at _fulfilled (/Users/peterrhodes/Desktop/cv-portfolio/node_modules/q/q.js:834:54)
    at self.promiseDispatch.done (/Users/peterrhodes/Desktop/cv-portfolio/node_modules/q/q.js:863:30)
    at Promise.promise.promiseDispatch (/Users/peterrhodes/Desktop/cv-portfolio/node_modules/q/q.js:796:13)
    at /Users/peterrhodes/Desktop/cv-portfolio/node_modules/q/q.js:556:49
    at runSingle (/Users/peterrhodes/Desktop/cv-portfolio/node_modules/q/q.js:137:13)
    at flush (/Users/peterrhodes/Desktop/cv-portfolio/node_modules/q/q.js:125:13)
    at _combinedTickCallback (internal/process/next_tick.js:67:7)
      </system-err>
  
    <testcase name="Assert anchor functionality" time="3.989" assertions="4">

      <failure message="Failed [equal]: (-1 == 0)">    at Object.&lt;anonymous&gt; (/Users/peterrhodes/Desktop/cv-portfolio/tests/tests.js:54:21)</failure>

      <failure message="Failed [equal]: (undefined == 200)">    at Object.&lt;anonymous&gt; (/Users/peterrhodes/Desktop/cv-portfolio/tests/tests.js:55:21)</failure>

      <failure message="Failed [equal]: (undefined == 200)">    at Object.&lt;anonymous&gt; (/Users/peterrhodes/Desktop/cv-portfolio/tests/tests.js:56:21)</failure>
<system-out>[[ATTACHMENT|/Users/peterrhodes/Desktop/cv-portfolio/screenshots/tests/Assert-anchor-functionality_ERROR_Feb-06-2017-222838-GMT+0000.png]]</system-out>
    
    </testcase>
      <system-err>
        ERROR: Unable to locate element: &quot;#main ul li a.first&quot; using: css selector
    at Object.Assert anchor functionality (/Users/peterrhodes/Desktop/cv-portfolio/tests/tests.js:52:14)
    at Module.call (/Users/peterrhodes/Desktop/cv-portfolio/node_modules/nightwatch/lib/runner/module.js:62:34)
    at /Users/peterrhodes/Desktop/cv-portfolio/node_modules/nightwatch/lib/runner/testcase.js:70:29
    at _fulfilled (/Users/peterrhodes/Desktop/cv-portfolio/node_modules/q/q.js:834:54)
    at self.promiseDispatch.done (/Users/peterrhodes/Desktop/cv-portfolio/node_modules/q/q.js:863:30)
    at Promise.promise.promiseDispatch (/Users/peterrhodes/Desktop/cv-portfolio/node_modules/q/q.js:796:13)
    at /Users/peterrhodes/Desktop/cv-portfolio/node_modules/q/q.js:556:49
    at runSingle (/Users/peterrhodes/Desktop/cv-portfolio/node_modules/q/q.js:137:13)
    at flush (/Users/peterrhodes/Desktop/cv-portfolio/node_modules/q/q.js:125:13)
    at _combinedTickCallback (internal/process/next_tick.js:67:7)
      </system-err>
  
  
  </testsuite>
</testsuites>
